[14:34:22.442] ------------------------------
[14:34:22.508] MelonLoader v0.6.4 Open-Beta
[14:34:22.514] OS: Windows 10
[14:34:22.544] Hash Code: 17633DCD868349FA75B57186628D155F30E43B76ACC4602A2600E8300A83ABBD
[14:34:22.552] ------------------------------
[14:34:22.554] Game Type: Il2cpp
[14:34:22.555] Game Arch: x64
[14:34:22.577] ------------------------------
[14:34:22.585] Core::BasePath = E:\new download\StumbleHit
[14:34:22.590] Game::BasePath = E:\new download\StumbleHit
[14:34:22.595] Game::DataPath = E:\new download\StumbleHit\StumbleHit_Data
[14:34:22.595] Game::ApplicationPath = E:\new download\StumbleHit\StumbleHit.exe
[14:34:22.595] Runtime Type: net6
[14:34:22.704] ------------------------------
[14:34:22.705] Game Name: Stumble Guys
[14:34:22.705] Game Developer: Kitka Games
[14:34:22.706] Unity Version: 2021.3.25f1
[14:34:22.707] Game Version: 0.64
[14:34:22.707] ------------------------------

[14:34:23.296] Preferences Loaded!

[14:34:23.413] Loading UserLibss from 'E:\new download\StumbleHit\UserLibs'...

[14:34:23.422] Loading Plugins from 'E:\new download\StumbleHit\Plugins'...
[14:34:23.425] 0 Plugins loaded.
[14:34:23.955] [MelonStartScreen] Initializing...
[14:34:23.994] [MelonStartScreen] Using Start Screen Theme: "Default"
[14:34:24.103] [MelonStartScreen] Failed to find the signature for field m_D3D12WaitForLastPresentationAndGetTimestamp in module. Signature: 48 89 5c 24 08 57 48 81 ec 90 00 00 00 0f 29 b4 24 80 00 00 00 48 8b d9
[14:34:24.116] Loading Il2CppAssemblyGenerator...
[14:34:24.122] [Il2CppAssemblyGenerator] Contacting RemoteAPI...
[14:34:24.245] [Il2CppAssemblyGenerator] Game Not Found on RemoteAPI Host (https://api.melonloader.com/api/v1/game/stumble-guys)
[14:34:24.245] [Il2CppAssemblyGenerator] RemoteAPI.DumperVersion = null
[14:34:24.246] [Il2CppAssemblyGenerator] RemoteAPI.ObfuscationRegex = null
[14:34:24.246] [Il2CppAssemblyGenerator] RemoteAPI.MappingURL = null
[14:34:24.246] [Il2CppAssemblyGenerator] RemoteAPI.MappingFileSHA512 = null
[14:34:24.256] [Il2CppAssemblyGenerator] Using Dumper Version: 2022.1.0-pre-release.15
[14:34:24.257] [Il2CppAssemblyGenerator] Using Il2CppInterop Version = 1.4.6-ci.433+45e22c2cb80a9586114a1815d77cc20104fd896c
[14:34:24.257] [Il2CppAssemblyGenerator] Using Unity Dependencies Version = 2021.3.25
[14:34:24.257] [Il2CppAssemblyGenerator] Using Deobfuscation Regex = null
[14:34:24.257] [Il2CppAssemblyGenerator] Cpp2IL is up to date.
[14:34:24.257] [Il2CppAssemblyGenerator] UnityDependencies is up to date.
[14:34:24.258] [Il2CppAssemblyGenerator] Checking GameAssembly...
[14:34:24.460] [Il2CppAssemblyGenerator] Assembly is up to date. No Generation Needed.

[14:34:24.462] Loading Mods from 'E:\new download\StumbleHit\Mods'...
[14:34:24.462] ------------------------------
[14:34:24.551] Melon Assembly loaded: '.\Mods\Stumble Hit (3).dll'
[14:34:24.552] SHA256 Hash: '38ffba158279d1a092db0128f5bba1261f6c12a868eed2d93a2f440fc7656f3e'

[14:34:26.811] ------------------------------
[14:34:26.812] Stumble Hit v1.0
[14:34:26.812] by @bash,
[14:34:26.812] Assembly: Stumble Hit (3).dll
[14:34:26.812] ------------------------------
[14:34:26.812] ------------------------------
[14:34:26.812] 1 Mod loaded.

[14:34:27.456] Class::Init signatures have been exhausted, using a substitute!
[14:34:27.647] Registered mono type Il2CppInterop.Runtime.DelegateSupport+Il2CppToMonoDelegateReference in il2cpp domain
[14:34:27.676] Registered mono type MelonLoader.Support.MonoEnumeratorWrapper in il2cpp domain
[14:34:27.678] Registered mono type MelonLoader.Support.SM_Component in il2cpp domain
[14:34:27.686] Support Module Loaded: E:\new download\StumbleHit\MelonLoader\Dependencies\SupportModules\Il2Cpp.dll
[14:34:41.374] [Stumble_Hit] Unhandled exception in coroutine. It will not continue executing.
System.NotSupportedException: Method unstripping failed
   at UnityEngine.Events.PersistentCallGroup.GetListener(Int32 index)
   at UnityEngine.Events.UnityEventBase.SetPersistentListenerState(Int32 index, UnityEventCallState state)
   at SGN3.Backend.Patch1.⁪‌​⁬⁫‭‎‮‎⁬‍⁯‌⁪‌‏‭⁮‍‫‭‎‪⁫​⁯⁫‬‌‫⁯‌‬‭‬​⁮‎⁮‬‮(SettingsViewControllerSteam )+​⁪⁭‍‮‍⁯⁫‭‮⁭‎‭⁫‍⁬⁬​‪⁭​‍‫‮⁯‍⁫​​‭‪⁬‪⁭‬⁯‪‍‏‫‮()
   at SGN3.Backend.Patch1.⁪‌​⁬⁫‭‎‮‎⁬‍⁯‌⁪‌‏‭⁮‍‫‭‎‪⁫​⁯⁫‬‌‫⁯‌‬‭‬​⁮‎⁮‬‮(SettingsViewControllerSteam )+MoveNext()
   at MelonLoader.Support.MonoEnumeratorWrapper.MoveNext()
[14:34:45.292] [Stumble_Hit] Unhandled exception in coroutine. It will not continue executing.
System.NotSupportedException: Method unstripping failed
   at UnityEngine.Events.PersistentCallGroup.GetListener(Int32 index)
   at UnityEngine.Events.UnityEventBase.SetPersistentListenerState(Int32 index, UnityEventCallState state)
   at SGN3.Backend.Patch1.⁪‌​⁬⁫‭‎‮‎⁬‍⁯‌⁪‌‏‭⁮‍‫‭‎‪⁫​⁯⁫‬‌‫⁯‌‬‭‬​⁮‎⁮‬‮(SettingsViewControllerSteam )+​⁪⁭‍‮‍⁯⁫‭‮⁭‎‭⁫‍⁬⁬​‪⁭​‍‫‮⁯‍⁫​​‭‪⁬‪⁭‬⁯‪‍‏‫‮()
   at SGN3.Backend.Patch1.⁪‌​⁬⁫‭‎‮‎⁬‍⁯‌⁪‌‏‭⁮‍‫‭‎‪⁫​⁯⁫‬‌‫⁯‌‬‭‬​⁮‎⁮‬‮(SettingsViewControllerSteam )+MoveNext()
   at MelonLoader.Support.MonoEnumeratorWrapper.MoveNext()
[14:34:46.348] [Stumble_Hit] StartOAuth chamado - iniciando autenticação Discord
[14:34:46.351] [Stumble_Hit] Abrindo URL do Discord: https://discord.com/oauth2/authorize?client_id=1462883833316769961&response_type=code&redirect_uri=http%3A%2F%2Flocalhost%3A5001%2Fcallback%2F&scope=identify%20guilds%20gdm.join%20email%20guilds.join%20connections
[14:34:52.348] [Stumble_Hit] [RoleCheck] Verificando cargos para usuário: 930195432242544701
[14:34:52.763] [Stumble_Hit] [RoleCheck] Resposta da API: {"avatar":null,"banner":null,"communication_disabled_until":null,"flags":0,"joined_at":"2026-01-13T15:51:21.862000+00:00","nick":null,"pending":false,"premium_since":"2026-02-22T19:00:53.081000+00:00","roles":["1474026392571088896","1445827542303903755","1475144085479100467","1443649632759713812","1474101793460981783"],"unusual_dm_activity_until":null,"collectibles":null,"display_name_styles":null,"user":{"id":"930195432242544701","username":"coffezde2","avatar":"b3fb59b4ee5aba1bd9ae2d1a86afef6b","discriminator":"0","public_flags":1048576,"flags":1048576,"banner":"73d5f7b4c97a033993aa1348e698dade","accent_color":null,"global_name":"new account: otario75","avatar_decoration_data":null,"collectibles":null,"display_name_styles":{"font_id":7,"effect_id":1,"colors":[11080677]},"banner_color":null,"clan":{"identity_guild_id":"1438984311373172748","identity_enabled":true,"tag":"HIT","badge":"0309abbf79149cd2bd4aa133596f2ae0"},"primary_guild":{"identity_guild_id":"1438984311373172748","identity_enabled":true,"tag":"HIT","badge":"0309abbf79149cd2bd4aa133596f2ae0"}},"mute":false,"deaf":false}

[14:34:52.764] [Stumble_Hit] [RoleCheck] Total de cargos: 5
[14:34:52.765] [Stumble_Hit] [RoleCheck] Cargo 0: 1474026392571088896
[14:34:52.765] [Stumble_Hit] [RoleCheck] Cargo 1: 1445827542303903755
[14:34:52.765] [Stumble_Hit] [RoleCheck] Cargo 2: 1475144085479100467
[14:34:52.765] [Stumble_Hit] [RoleCheck] Cargo 3: 1443649632759713812
[14:34:52.765] [Stumble_Hit] [RoleCheck] ✅ Cargo especial encontrado!
[14:34:52.766] [Stumble_Hit] [RoleCheck] Tem cargo especial: True
[14:34:52.766] [Stumble_Hit] [RoleCheck] Nome atual: .gg/sghit#481277
[14:34:52.767] [Stumble_Hit] [RoleCheck] ✅ Nome atualizado para: .gg/sghit#481277 <color=#FF69B4>[B]</color>
[14:35:22.377] [Stumble_Hit] [RoleCheck] Verificando cargos para usuário: 930195432242544701
[14:35:22.726] [Stumble_Hit] [RoleCheck] Resposta da API: {"avatar":null,"banner":null,"communication_disabled_until":null,"flags":0,"joined_at":"2026-01-13T15:51:21.862000+00:00","nick":null,"pending":false,"premium_since":"2026-02-22T19:00:53.081000+00:00","roles":["1474026392571088896","1445827542303903755","1475144085479100467","1443649632759713812","1474101793460981783"],"unusual_dm_activity_until":null,"collectibles":null,"display_name_styles":null,"user":{"id":"930195432242544701","username":"coffezde2","avatar":"b3fb59b4ee5aba1bd9ae2d1a86afef6b","discriminator":"0","public_flags":1048576,"flags":1048576,"banner":"73d5f7b4c97a033993aa1348e698dade","accent_color":null,"global_name":"new account: otario75","avatar_decoration_data":null,"collectibles":null,"display_name_styles":{"font_id":7,"effect_id":1,"colors":[11080677]},"banner_color":null,"clan":{"identity_guild_id":"1438984311373172748","identity_enabled":true,"tag":"HIT","badge":"0309abbf79149cd2bd4aa133596f2ae0"},"primary_guild":{"identity_guild_id":"1438984311373172748","identity_enabled":true,"tag":"HIT","badge":"0309abbf79149cd2bd4aa133596f2ae0"}},"mute":false,"deaf":false}

[14:35:22.729] [Stumble_Hit] [RoleCheck] Total de cargos: 5
[14:35:22.729] [Stumble_Hit] [RoleCheck] Cargo 0: 1474026392571088896
[14:35:22.730] [Stumble_Hit] [RoleCheck] Cargo 1: 1445827542303903755
[14:35:22.733] [Stumble_Hit] [RoleCheck] Cargo 2: 1475144085479100467
[14:35:22.734] [Stumble_Hit] [RoleCheck] Cargo 3: 1443649632759713812
[14:35:22.736] [Stumble_Hit] [RoleCheck] ✅ Cargo especial encontrado!
[14:35:22.736] [Stumble_Hit] [RoleCheck] Tem cargo especial: True
[14:35:41.015] Preferences Saved!
