[14:02:02.760] ------------------------------
[14:02:02.936] MelonLoader v0.6.4 Open-Beta
[14:02:02.937] OS: Windows 10
[14:02:02.937] Hash Code: 17633DCD868349FA75B57186628D155F30E43B76ACC4602A2600E8300A83ABBD
[14:02:02.938] ------------------------------
[14:02:02.938] Game Type: Il2cpp
[14:02:02.938] Game Arch: x64
[14:02:02.939] ------------------------------
[14:02:02.939] Core::BasePath = E:\new download\StumbleHit
[14:02:02.939] Game::BasePath = E:\new download\StumbleHit
[14:02:02.940] Game::DataPath = E:\new download\StumbleHit\StumbleHit_Data
[14:02:02.940] Game::ApplicationPath = E:\new download\StumbleHit\StumbleHit.exe
[14:02:02.940] Runtime Type: net6
[14:02:03.386] ------------------------------
[14:02:03.387] Game Name: Stumble Guys
[14:02:03.387] Game Developer: Kitka Games
[14:02:03.390] Unity Version: 2021.3.25f1
[14:02:03.390] Game Version: 0.64
[14:02:03.394] ------------------------------

[14:02:05.919] Preferences Loaded!

[14:02:07.229] Loading UserLibss from 'E:\new download\StumbleHit\UserLibs'...

[14:02:07.237] Loading Plugins from 'E:\new download\StumbleHit\Plugins'...
[14:02:07.240] 0 Plugins loaded.
[14:02:08.454] [MelonStartScreen] Initializing...
[14:02:08.504] [MelonStartScreen] Using Start Screen Theme: "Default"
[14:02:08.752] [MelonStartScreen] Failed to find the signature for field m_D3D12WaitForLastPresentationAndGetTimestamp in module. Signature: 48 89 5c 24 08 57 48 81 ec 90 00 00 00 0f 29 b4 24 80 00 00 00 48 8b d9
[14:02:08.787] Loading Il2CppAssemblyGenerator...
[14:02:08.799] [Il2CppAssemblyGenerator] Contacting RemoteAPI...
[14:02:09.054] [Il2CppAssemblyGenerator] Game Not Found on RemoteAPI Host (https://api.melonloader.com/api/v1/game/stumble-guys)
[14:02:09.054] [Il2CppAssemblyGenerator] RemoteAPI.DumperVersion = null
[14:02:09.054] [Il2CppAssemblyGenerator] RemoteAPI.ObfuscationRegex = null
[14:02:09.054] [Il2CppAssemblyGenerator] RemoteAPI.MappingURL = null
[14:02:09.054] [Il2CppAssemblyGenerator] RemoteAPI.MappingFileSHA512 = null
[14:02:09.065] [Il2CppAssemblyGenerator] Using Dumper Version: 2022.1.0-pre-release.15
[14:02:09.065] [Il2CppAssemblyGenerator] Using Il2CppInterop Version = 1.4.6-ci.433+45e22c2cb80a9586114a1815d77cc20104fd896c
[14:02:09.066] [Il2CppAssemblyGenerator] Using Unity Dependencies Version = 2021.3.25
[14:02:09.066] [Il2CppAssemblyGenerator] Using Deobfuscation Regex = null
[14:02:09.066] [Il2CppAssemblyGenerator] Cpp2IL is up to date.
[14:02:09.066] [Il2CppAssemblyGenerator] UnityDependencies is up to date.
[14:02:09.066] [Il2CppAssemblyGenerator] Checking GameAssembly...
[14:02:09.480] [Il2CppAssemblyGenerator] Assembly is up to date. No Generation Needed.

[14:02:09.482] Loading Mods from 'E:\new download\StumbleHit\Mods'...
[14:02:09.482] ------------------------------
[14:02:09.624] Melon Assembly loaded: '.\Mods\Stumble Hit (1).dll'
[14:02:09.624] SHA256 Hash: '695d37fc1400ed1d57c9aad2ae944f58efa78fe4a4bceac2204cec072940d97b'

[14:02:12.467] ------------------------------
[14:02:12.467] Stumble Hit v1.0
[14:02:12.467] by @bash,
[14:02:12.467] Assembly: Stumble Hit (1).dll
[14:02:12.468] ------------------------------
[14:02:12.468] ------------------------------
[14:02:12.468] 1 Mod loaded.

[14:02:13.486] Class::Init signatures have been exhausted, using a substitute!
[14:02:13.723] Registered mono type Il2CppInterop.Runtime.DelegateSupport+Il2CppToMonoDelegateReference in il2cpp domain
[14:02:13.820] Registered mono type MelonLoader.Support.MonoEnumeratorWrapper in il2cpp domain
[14:02:13.825] Registered mono type MelonLoader.Support.SM_Component in il2cpp domain
[14:02:13.861] Support Module Loaded: E:\new download\StumbleHit\MelonLoader\Dependencies\SupportModules\Il2Cpp.dll
[14:41:45.012] Preferences Saved!
